<?xml version="1.0" encoding="UTF-8"?>
<!-- Generated by org.testng.reporters.JUnitReportReporter -->
<testsuite skipped="0" hostname="Tanmayee" name="com.scp.service.CrudeHibernate.DataProviderClass" tests="5" failures="0" timestamp="13 Jul 2018 14:20:52 GMT" time="3.999" errors="0">
  <testcase name="authentication" time="0.093" classname="com.scp.service.CrudeHibernate.DataProviderClass"/>
  <testcase name="authentication" time="0.235" classname="com.scp.service.CrudeHibernate.DataProviderClass"/>
  <testcase name="authentication" time="3.444" classname="com.scp.service.CrudeHibernate.DataProviderClass"/>
  <testcase name="authentication" time="0.102" classname="com.scp.service.CrudeHibernate.DataProviderClass"/>
  <testcase name="authentication" time="0.125" classname="com.scp.service.CrudeHibernate.DataProviderClass"/>
</testsuite> <!-- com.scp.service.CrudeHibernate.DataProviderClass -->
