<?xml version="1.0" encoding="UTF-8"?>
<!-- Generated by org.testng.reporters.JUnitReportReporter -->
<testsuite skipped="0" hostname="Tanmayee" name="com.scp.service.CrudeHibernate.Test1" tests="1" failures="0" timestamp="13 Jul 2018 06:03:29 GMT" time="0.028" errors="0">
  <testcase name="display" time="0.028" classname="com.scp.service.CrudeHibernate.Test1"/>
</testsuite> <!-- com.scp.service.CrudeHibernate.Test1 -->
